<?xml version="1.0" encoding="UTF-8"?>
<!-- Generated by org.testng.reporters.JUnitReportReporter -->
<testsuite hostname="DESKTOP-0JHIS2I" failures="0" tests="2" name="com.test.testscripts.LoginPageTestScript" time="125.301" errors="0" timestamp="30 Mar 2022 10:15:48 GMT">
  <testcase classname="com.test.testscripts.LoginPageTestScript" name="verifyTitle" time="55.191"/>
  <testcase classname="com.test.testscripts.LoginPageTestScript" name="login" time="70.110"/>
</testsuite> <!-- com.test.testscripts.LoginPageTestScript -->
