<?xml version="1.0" encoding="UTF-8"?>
<!-- Generated by org.testng.reporters.JUnitReportReporter -->
<testsuite hostname="DESKTOP-0JHIS2I" failures="0" tests="1" name="com.test.testscripts.AccountCreationTestScript" time="78.649" errors="0" timestamp="30 Mar 2022 10:15:48 GMT">
  <testcase classname="com.test.testscripts.AccountCreationTestScript" name="registerAccount" time="78.649"/>
</testsuite> <!-- com.test.testscripts.AccountCreationTestScript -->
